<?xml version="1.0" encoding="UTF-8"?>
<!-- Generated by org.testng.reporters.JUnitXMLReporter -->
<testsuite ignored="0" hostname="LAPTOP-98SB48LL" failures="0" tests="3" name="Test" time="43.256" errors="0" timestamp="2026-04-06T11:20:37 IST">
  <testcase classname="practice.contactTest.createContactTest" name="CreateContactTest" time="11.608"/>
  <testcase classname="practice.contactTest.createContactTest" name="createContactWithOrgTest" time="12.559"/>
  <testcase classname="practice.contactTest.createContactTest" name="createcontactWithSupportDateTest" time="8.744"/>
</testsuite> <!-- Test -->
