<?xml version="1.0" encoding="UTF-8"?>
<!-- Generated by org.testng.reporters.JUnitReportReporter -->
<testsuite hostname="LAPTOP-98SB48LL" failures="0" tests="1" name="pratice.orgTest.createOrgWithPhoneNumberTest" time="0.016" errors="1" timestamp="2026-04-23T12:12:58 IST" skipped="0">
  <testcase classname="pratice.orgTest.createOrgWithPhoneNumberTest" name="createOrgWithPhoneNumberTest" time="0.016">
    <error message="Unresolved compilation problems: 
	elib cannot be resolved
	jlib cannot be resolved
	elib cannot be resolved
	driver cannot be resolved to a variable
	hm cannot be resolved
	driver cannot be resolved to a variable
	driver cannot be resolved to a variable
	PhoneNumber cannot be resolved to a variable
	driver cannot be resolved to a variable
	orgName cannot be resolved to a variable
	Type mismatch: cannot convert from String to WebElement
	PhoneNumber cannot be resolved to a variable
	Syntax error, insert &quot;)&quot; to complete Expression
	Syntax error, insert &quot;;&quot; to complete Statement
" type="java.lang.Error">
      <![CDATA[java.lang.Error: Unresolved compilation problems: 
elib cannot be resolved
jlib cannot be resolved
elib cannot be resolved
driver cannot be resolved to a variable
hm cannot be resolved
driver cannot be resolved to a variable
driver cannot be resolved to a variable
PhoneNumber cannot be resolved to a variable
driver cannot be resolved to a variable
orgName cannot be resolved to a variable
Type mismatch: cannot convert from String to WebElement
PhoneNumber cannot be resolved to a variable
Syntax error, insert ")" to complete Expression
Syntax error, insert ";" to complete Statement

at pratice.orgTest.createOrgWithPhoneNumberTest.createOrgWithPhoneNumberTest(createOrgWithPhoneNumberTest.java:43)
at java.base/jdk.internal.reflect.DirectMethodHandleAccessor.invoke(DirectMethodHandleAccessor.java:103)
at java.base/java.lang.reflect.Method.invoke(Method.java:580)
at org.testng.internal.invokers.MethodInvocationHelper.invokeMethod(MethodInvocationHelper.java:141)
at org.testng.internal.invokers.TestInvoker.invokeMethod(TestInvoker.java:687)
at org.testng.internal.invokers.TestInvoker.invokeTestMethod(TestInvoker.java:230)
at org.testng.internal.invokers.MethodRunner.runInSequence(MethodRunner.java:63)
at org.testng.internal.invokers.TestInvoker$MethodInvocationAgent.invoke(TestInvoker.java:995)
at org.testng.internal.invokers.TestInvoker.invokeTestMethods(TestInvoker.java:203)
at org.testng.internal.invokers.TestMethodWorker.invokeTestMethods(TestMethodWorker.java:154)
at org.testng.internal.invokers.TestMethodWorker.run(TestMethodWorker.java:134)
at java.base/java.util.ArrayList.forEach(ArrayList.java:1596)
at org.testng.TestRunner.privateRun(TestRunner.java:741)
at org.testng.TestRunner.run(TestRunner.java:616)
at org.testng.SuiteRunner.runTest(SuiteRunner.java:421)
at org.testng.SuiteRunner.runSequentially(SuiteRunner.java:413)
at org.testng.SuiteRunner.privateRun(SuiteRunner.java:373)
at org.testng.SuiteRunner.run(SuiteRunner.java:312)
at org.testng.SuiteRunnerWorker.runSuite(SuiteRunnerWorker.java:52)
at org.testng.SuiteRunnerWorker.run(SuiteRunnerWorker.java:95)
at org.testng.TestNG.runSuitesSequentially(TestNG.java:1274)
at org.testng.TestNG.runSuitesLocally(TestNG.java:1208)
at org.testng.TestNG.runSuites(TestNG.java:1112)
at org.testng.TestNG.run(TestNG.java:1079)
at org.testng.remote.AbstractRemoteTestNG.run(AbstractRemoteTestNG.java:115)
at org.testng.remote.RemoteTestNG.initAndRun(RemoteTestNG.java:293)
at org.testng.remote.RemoteTestNG.main(RemoteTestNG.java:91)
]]>
    </error>
  </testcase> <!-- createOrgWithPhoneNumberTest -->
</testsuite> <!-- pratice.orgTest.createOrgWithPhoneNumberTest -->
