<?xml version="1.0" encoding="UTF-8"?>
<!-- Generated by org.testng.reporters.JUnitReportReporter -->
<testsuite hostname="LAPTOP-98SB48LL" failures="0" tests="3" name="testNG_Practice.CreateContactTest" time="0.011" errors="0" timestamp="2026-04-10T16:08:47 IST" skipped="0">
  <testcase classname="testNG_Practice.CreateContactTest" name="deleteContactTest" time="0.001"/>
  <testcase classname="testNG_Practice.CreateContactTest" name="modifyContactTest" time="0.002"/>
  <testcase classname="testNG_Practice.CreateContactTest" name="createContactTest" time="0.008"/>
</testsuite> <!-- testNG_Practice.CreateContactTest -->
