<?xml version="1.0" encoding="UTF-8"?>
<!-- Generated by org.testng.reporters.JUnitReportReporter -->
<testsuite hostname="LAPTOP-98SB48LL" failures="0" tests="2" name="testNG_Practice.dataProvider1" time="0.008" errors="0" timestamp="2026-04-08T12:50:22 IST" skipped="0">
  <testcase classname="testNG_Practice.dataProvider1" name="dataProvider1" time="0.002"/>
  <testcase classname="testNG_Practice.dataProvider1" name="dataProvider1" time="0.006"/>
</testsuite> <!-- testNG_Practice.dataProvider1 -->
